<?xml version="1.0" encoding="UTF-8"?>
<!-- Generated by org.testng.reporters.JUnitReportReporter -->
<testsuite hostname="ProBook" failures="0" tests="1" name="tests.LoginTest" time="3.789" errors="0" timestamp="03 Jul 2019 15:18:29 GMT" skipped="0">
  <testcase classname="tests.LoginTest" name="testUserIsAbleToLoginIntoApp" time="3.789"/>
</testsuite> <!-- tests.LoginTest -->
